<?xml version="1.0" encoding="UTF-8"?>
<!-- Generated by org.testng.reporters.JUnitReportReporter -->
<testsuite hostname="samcoadmins-MacBook-Air-2.local" failures="0" tests="1" name="testing.login.log" time="6.198" errors="0" timestamp="2024-01-26T19:26:03 IST" skipped="0">
  <testcase classname="testing.login.log" name="logintest" time="6.198"/>
</testsuite> <!-- testing.login.log -->
